<?xml version="1.0" encoding="UTF-8"?>
<robot generator="Robot 3.2.1 (Python 3.8.3 on win32)" generated="20200807 19:45:16.822" rpa="false">
<suite id="s1" name="Adicionar Produto" source="C:\Projetos QA\SuiteSiteTestePractice\automationpractice\tests\adicionar_produto.robot">
<test id="s1-t1" name="Login com sucesso">
<kw name="Nova sessão" library="base" type="setup">
<kw name="Open Browser" library="SeleniumLibrary">
<doc>Opens a new browser instance to the optional ``url``.</doc>
<arguments>
<arg>${URL}</arg>
<arg>chrome</arg>
</arguments>
<msg timestamp="20200807 19:45:17.729" level="INFO">Opening browser 'chrome' to base url 'http://automationpractice.com/index.php'.</msg>
<status status="PASS" starttime="20200807 19:45:17.726" endtime="20200807 19:45:30.967"></status>
</kw>
<status status="PASS" starttime="20200807 19:45:17.724" endtime="20200807 19:45:30.968"></status>
</kw>
<kw name="Go To" library="SeleniumLibrary">
<doc>Navigates the current browser window to the provided ``url``.</doc>
<arguments>
<arg>${URL}/index.php?controller=authentication</arg>
</arguments>
<msg timestamp="20200807 19:45:31.026" level="INFO">Opening url 'http://automationpractice.com/index.php/index.php?controller=authentication'</msg>
<status status="PASS" starttime="20200807 19:45:31.022" endtime="20200807 19:45:33.957"></status>
</kw>
<kw name="Input Text" library="SeleniumLibrary">
<doc>Types the given ``text`` into the text field identified by ``locator``.</doc>
<arguments>
<arg>css:input[id=email]</arg>
<arg>${EMAIL}</arg>
</arguments>
<msg timestamp="20200807 19:45:34.151" level="INFO">Typing text 'marcos.tads@hotmail.com' into text field 'css:input[id=email]'.</msg>
<status status="PASS" starttime="20200807 19:45:34.150" endtime="20200807 19:45:35.098"></status>
</kw>
<kw name="Input Text" library="SeleniumLibrary">
<doc>Types the given ``text`` into the text field identified by ``locator``.</doc>
<arguments>
<arg>css:input[name=passwd]</arg>
<arg>${PASSWORD}</arg>
</arguments>
<msg timestamp="20200807 19:45:35.102" level="INFO">Typing text 'sistema' into text field 'css:input[name=passwd]'.</msg>
<status status="PASS" starttime="20200807 19:45:35.102" endtime="20200807 19:45:35.632"></status>
</kw>
<kw name="Click Element" library="SeleniumLibrary">
<doc>Click the element identified by ``locator``.</doc>
<arguments>
<arg>css:button[name=SubmitLogin]</arg>
</arguments>
<msg timestamp="20200807 19:45:35.634" level="INFO">Clicking element 'css:button[name=SubmitLogin]'.</msg>
<status status="PASS" starttime="20200807 19:45:35.634" endtime="20200807 19:45:38.829"></status>
</kw>
<kw name="Page Should Contain" library="SeleniumLibrary">
<doc>Verifies that current page contains ``text``.</doc>
<arguments>
<arg>Welcome to your account. Here you can manage all of your personal information and orders.</arg>
</arguments>
<msg timestamp="20200807 19:45:38.869" level="INFO">Current page contains text 'Welcome to your account. Here you can manage all of your personal information and orders.'.</msg>
<status status="PASS" starttime="20200807 19:45:38.830" endtime="20200807 19:45:38.869"></status>
</kw>
<kw name="Input Text" library="SeleniumLibrary">
<doc>Types the given ``text`` into the text field identified by ``locator``.</doc>
<arguments>
<arg>name=search_query</arg>
<arg>${PRODUTO}</arg>
</arguments>
<msg timestamp="20200807 19:45:38.879" level="INFO">Typing text 'Blouse' into text field 'name=search_query'.</msg>
<status status="PASS" starttime="20200807 19:45:38.878" endtime="20200807 19:45:39.237"></status>
</kw>
<kw name="Click Element" library="SeleniumLibrary">
<doc>Click the element identified by ``locator``.</doc>
<arguments>
<arg>name=submit_search</arg>
</arguments>
<msg timestamp="20200807 19:45:39.252" level="INFO">Clicking element 'name=submit_search'.</msg>
<status status="PASS" starttime="20200807 19:45:39.251" endtime="20200807 19:45:41.066"></status>
</kw>
<kw name="Wait Until Element Is Visible" library="SeleniumLibrary">
<doc>Waits until the element ``locator`` is visible.</doc>
<arguments>
<arg>css=#center_column &gt; h1</arg>
</arguments>
<status status="PASS" starttime="20200807 19:45:41.069" endtime="20200807 19:45:41.128"></status>
</kw>
<kw name="Wait Until Element Is Visible" library="SeleniumLibrary">
<doc>Waits until the element ``locator`` is visible.</doc>
<arguments>
<arg>css=#center_column &gt; h1 &gt; span.heading-counter</arg>
</arguments>
<status status="PASS" starttime="20200807 19:45:41.144" endtime="20200807 19:45:41.282"></status>
</kw>
<kw name="Mouse Over" library="SeleniumLibrary">
<doc>Simulates hovering the mouse over the element ``locator``.</doc>
<arguments>
<arg>xpath=//*[@id="center_column"]//*[@src="http://automationpractice.com/img/p/7/7-home_default.jpg"]</arg>
</arguments>
<msg timestamp="20200807 19:45:41.295" level="INFO">Simulating Mouse Over on element 'xpath=//*[@id="center_column"]//*[@src="http://automationpractice.com/img/p/7/7-home_default.jpg"]'.</msg>
<status status="PASS" starttime="20200807 19:45:41.295" endtime="20200807 19:45:41.663"></status>
</kw>
<kw name="Click Element" library="SeleniumLibrary">
<doc>Click the element identified by ``locator``.</doc>
<arguments>
<arg>xpath=//*[@id="center_column"]/ul/li/div/div[2]/div[2]/a[1]/span</arg>
</arguments>
<msg timestamp="20200807 19:45:41.664" level="INFO">Clicking element 'xpath=//*[@id="center_column"]/ul/li/div/div[2]/div[2]/a[1]/span'.</msg>
<status status="PASS" starttime="20200807 19:45:41.664" endtime="20200807 19:45:41.894"></status>
</kw>
<kw name="Page Should Contain" library="SeleniumLibrary">
<doc>Verifies that current page contains ``text``.</doc>
<arguments>
<arg>Product successfully added to your shopping cart</arg>
</arguments>
<msg timestamp="20200807 19:45:41.956" level="INFO">Current page contains text 'Product successfully added to your shopping cart'.</msg>
<status status="PASS" starttime="20200807 19:45:41.897" endtime="20200807 19:45:41.956"></status>
</kw>
<kw name="Sleep" library="BuiltIn">
<doc>Pauses the test executed for the given time.</doc>
<arguments>
<arg>5</arg>
</arguments>
<msg timestamp="20200807 19:45:46.976" level="INFO">Slept 5 seconds</msg>
<status status="PASS" starttime="20200807 19:45:41.961" endtime="20200807 19:45:46.976"></status>
</kw>
<kw name="Encerra sessão" library="base" type="teardown">
<kw name="Capture Page Screenshot" library="SeleniumLibrary">
<doc>Takes a screenshot of the current page and embeds it into a log file.</doc>
<msg timestamp="20200807 19:45:47.322" level="INFO" html="yes">&lt;/td&gt;&lt;/tr&gt;&lt;tr&gt;&lt;td colspan="3"&gt;&lt;a href="selenium-screenshot-1.png"&gt;&lt;img src="selenium-screenshot-1.png" width="800px"&gt;&lt;/a&gt;</msg>
<status status="PASS" starttime="20200807 19:45:46.977" endtime="20200807 19:45:47.322"></status>
</kw>
<kw name="Close Browser" library="SeleniumLibrary">
<doc>Closes the current browser.</doc>
<status status="PASS" starttime="20200807 19:45:47.322" endtime="20200807 19:45:51.402"></status>
</kw>
<status status="PASS" starttime="20200807 19:45:46.977" endtime="20200807 19:45:51.403"></status>
</kw>
<status status="PASS" starttime="20200807 19:45:17.723" endtime="20200807 19:45:51.409" critical="yes"></status>
</test>
<status status="PASS" starttime="20200807 19:45:16.841" endtime="20200807 19:45:51.409"></status>
</suite>
<statistics>
<total>
<stat pass="1" fail="0">Critical Tests</stat>
<stat pass="1" fail="0">All Tests</stat>
</total>
<tag>
</tag>
<suite>
<stat pass="1" fail="0" id="s1" name="Adicionar Produto">Adicionar Produto</stat>
</suite>
</statistics>
<errors>
</errors>
</robot>
